# JRE version: OpenJDK Runtime Environment (17.0.11) (build 17.0.11+0--11852314)
# Java VM: OpenJDK 64-Bit Server VM (17.0.11+0--11852314, mixed mode, tiered, compressed oops, compressed class ptrs, g1 gc, windows-amd64)
GC Precious Log:
 CPUs: 16 total, 16 available
 Memory: 5989M
 Large Page Support: Disabled
 NUMA Support: Disabled
 Compressed Oops: Enabled (32-bit)
 Heap Region Size: 1M
 Heap Min Capacity: 8M
 Heap Initial Capacity: 94M
 Heap Max Capacity: 2G
 Pre-touch: Disabled
 Parallel Workers: 13
 Concurrent Workers: 3
 Concurrent Refinement Workers: 13
 Periodic GC: Disabled
Heap:
 garbage-first heap   total 301056K, used 207621K [0x0000000080000000, 0x0000000100000000)
  region size 1024K, 68 young (69632K), 10 survivors (10240K)
 Metaspace       used 121481K, committed 122240K, reserved 1179648K
  class space    used 15922K, committed 16320K, reserved 1048576K
GC Heap History (20 events):
Event: 14.549 GC heap before
{Heap before GC invocations=34 (full 0):
 garbage-first heap   total 150528K, used 121684K [0x0000000080000000, 0x0000000100000000)
  region size 1024K, 39 young (39936K), 2 survivors (2048K)
 Metaspace       used 78566K, committed 79296K, reserved 1179648K
  class space    used 11063K, committed 11392K, reserved 1048576K
}
Event: 14.552 GC heap after
{Heap after GC invocations=35 (full 0):
 garbage-first heap   total 150528K, used 84507K [0x0000000080000000, 0x0000000100000000)
  region size 1024K, 3 young (3072K), 3 survivors (3072K)
 Metaspace       used 78566K, committed 79296K, reserved 1179648K
  class space    used 11063K, committed 11392K, reserved 1048576K
}
Event: 14.625 GC heap before
{Heap before GC invocations=35 (full 0):
 garbage-first heap   total 150528K, used 88603K [0x0000000080000000, 0x0000000100000000)
  region size 1024K, 7 young (7168K), 3 survivors (3072K)
 Metaspace       used 79176K, committed 79872K, reserved 1179648K
  class space    used 11142K, committed 11456K, reserved 1048576K
}
Event: 14.627 GC heap after
{Heap after GC invocations=36 (full 0):
 garbage-first heap   total 150528K, used 83847K [0x0000000080000000, 0x0000000100000000)
  region size 1024K, 1 young (1024K), 1 survivors (1024K)
 Metaspace       used 79176K, committed 79872K, reserved 1179648K
  class space    used 11142K, committed 11456K, reserved 1048576K
}
Event: 15.268 GC heap before
{Heap before GC invocations=36 (full 0):
 garbage-first heap   total 150528K, used 122759K [0x0000000080000000, 0x0000000100000000)
  region size 1024K, 39 young (39936K), 1 survivors (1024K)
 Metaspace       used 84790K, committed 85440K, reserved 1179648K
  class space    used 11848K, committed 12160K, reserved 1048576K
}
Event: 15.271 GC heap after
{Heap after GC invocations=37 (full 0):
 garbage-first heap   total 150528K, used 84361K [0x0000000080000000, 0x0000000100000000)
  region size 1024K, 1 young (1024K), 1 survivors (1024K)
 Metaspace       used 84790K, committed 85440K, reserved 1179648K
  class space    used 11848K, committed 12160K, reserved 1048576K
}
Event: 15.678 GC heap before
{Heap before GC invocations=38 (full 0):
 garbage-first heap   total 150528K, used 131465K [0x0000000080000000, 0x0000000100000000)
  region size 1024K, 40 young (40960K), 1 survivors (1024K)
 Metaspace       used 87011K, committed 87744K, reserved 1179648K
  class space    used 12102K, committed 12416K, reserved 1048576K
}
Event: 15.687 GC heap after
{Heap after GC invocations=39 (full 0):
 garbage-first heap   total 150528K, used 102156K [0x0000000080000000, 0x0000000100000000)
  region size 1024K, 5 young (5120K), 5 survivors (5120K)
 Metaspace       used 87011K, committed 87744K, reserved 1179648K
  class space    used 12102K, committed 12416K, reserved 1048576K
}
Event: 15.695 GC heap before
{Heap before GC invocations=39 (full 0):
 garbage-first heap   total 150528K, used 104204K [0x0000000080000000, 0x0000000100000000)
  region size 1024K, 7 young (7168K), 5 survivors (5120K)
 Metaspace       used 87014K, committed 87744K, reserved 1179648K
  class space    used 12102K, committed 12416K, reserved 1048576K
}
Event: 15.700 GC heap after
{Heap after GC invocations=40 (full 0):
 garbage-first heap   total 150528K, used 102463K [0x0000000080000000, 0x0000000100000000)
  region size 1024K, 1 young (1024K), 1 survivors (1024K)
 Metaspace       used 87014K, committed 87744K, reserved 1179648K
  class space    used 12102K, committed 12416K, reserved 1048576K
}
Event: 15.729 GC heap before
{Heap before GC invocations=40 (full 0):
 garbage-first heap   total 150528K, used 106559K [0x0000000080000000, 0x0000000100000000)
  region size 1024K, 6 young (6144K), 1 survivors (1024K)
 Metaspace       used 87015K, committed 87744K, reserved 1179648K
  class space    used 12102K, committed 12416K, reserved 1048576K
}
Event: 15.733 GC heap after
{Heap after GC invocations=41 (full 0):
 garbage-first heap   total 301056K, used 96607K [0x0000000080000000, 0x0000000100000000)
  region size 1024K, 3 young (3072K), 3 survivors (3072K)
 Metaspace       used 87015K, committed 87744K, reserved 1179648K
  class space    used 12102K, committed 12416K, reserved 1048576K
}
Event: 17.056 GC heap before
{Heap before GC invocations=41 (full 0):
 garbage-first heap   total 301056K, used 232799K [0x0000000080000000, 0x0000000100000000)
  region size 1024K, 111 young (113664K), 3 survivors (3072K)
 Metaspace       used 91556K, committed 92224K, reserved 1179648K
  class space    used 12621K, committed 12928K, reserved 1048576K
}
Event: 17.073 GC heap after
{Heap after GC invocations=42 (full 0):
 garbage-first heap   total 301056K, used 134012K [0x0000000080000000, 0x0000000100000000)
  region size 1024K, 14 young (14336K), 14 survivors (14336K)
 Metaspace       used 91556K, committed 92224K, reserved 1179648K
  class space    used 12621K, committed 12928K, reserved 1048576K
}
Event: 18.223 GC heap before
{Heap before GC invocations=42 (full 0):
 garbage-first heap   total 301056K, used 209788K [0x0000000080000000, 0x0000000100000000)
  region size 1024K, 87 young (89088K), 14 survivors (14336K)
 Metaspace       used 99415K, committed 100096K, reserved 1179648K
  class space    used 13393K, committed 13696K, reserved 1048576K
}
Event: 18.237 GC heap after
{Heap after GC invocations=43 (full 0):
 garbage-first heap   total 301056K, used 139313K [0x0000000080000000, 0x0000000100000000)
  region size 1024K, 5 young (5120K), 5 survivors (5120K)
 Metaspace       used 99415K, committed 100096K, reserved 1179648K
  class space    used 13393K, committed 13696K, reserved 1048576K
}
Event: 19.727 GC heap before
{Heap before GC invocations=43 (full 0):
 garbage-first heap   total 301056K, used 220209K [0x0000000080000000, 0x0000000100000000)
  region size 1024K, 83 young (84992K), 5 survivors (5120K)
 Metaspace       used 108062K, committed 108736K, reserved 1179648K
  class space    used 14480K, committed 14784K, reserved 1048576K
}
Event: 19.734 GC heap after
{Heap after GC invocations=44 (full 0):
 garbage-first heap   total 301056K, used 145140K [0x0000000080000000, 0x0000000100000000)
  region size 1024K, 11 young (11264K), 11 survivors (11264K)
 Metaspace       used 108062K, committed 108736K, reserved 1179648K
  class space    used 14480K, committed 14784K, reserved 1048576K
}
Event: 20.825 GC heap before
{Heap before GC invocations=44 (full 0):
 garbage-first heap   total 301056K, used 229108K [0x0000000080000000, 0x0000000100000000)
  region size 1024K, 93 young (95232K), 11 survivors (11264K)
 Metaspace       used 113567K, committed 114304K, reserved 1179648K
  class space    used 15054K, committed 15424K, reserved 1048576K
}
Event: 20.833 GC heap after
{Heap after GC invocations=45 (full 0):
 garbage-first heap   total 301056K, used 149253K [0x0000000080000000, 0x0000000100000000)
  region size 1024K, 10 young (10240K), 10 survivors (10240K)
 Metaspace       used 113567K, committed 114304K, reserved 1179648K
  class space    used 15054K, committed 15424K, reserved 1048576K
}

