# JRE version: OpenJDK Runtime Environment (17.0.11) (build 17.0.11+0--11852314)
# Java VM: OpenJDK 64-Bit Server VM (17.0.11+0--11852314, mixed mode, tiered, compressed oops, compressed class ptrs, g1 gc, windows-amd64)
GC Precious Log:
 CPUs: 16 total, 16 available
 Memory: 5989M
 Large Page Support: Disabled
 NUMA Support: Disabled
 Compressed Oops: Enabled (32-bit)
 Heap Region Size: 1M
 Heap Min Capacity: 8M
 Heap Initial Capacity: 94M
 Heap Max Capacity: 2G
 Pre-touch: Disabled
 Parallel Workers: 13
 Concurrent Workers: 3
 Concurrent Refinement Workers: 13
 Periodic GC: Disabled
Heap:
 garbage-first heap   total 334848K, used 184150K [0x0000000080000000, 0x0000000100000000)
  region size 1024K, 70 young (71680K), 5 survivors (5120K)
 Metaspace       used 127868K, committed 128576K, reserved 1179648K
  class space    used 16360K, committed 16704K, reserved 1048576K
GC Heap History (20 events):
Event: 12.555 GC heap before
{Heap before GC invocations=44 (full 0):
 garbage-first heap   total 195584K, used 102241K [0x0000000080000000, 0x0000000100000000)
  region size 1024K, 9 young (9216K), 4 survivors (4096K)
 Metaspace       used 89075K, committed 89728K, reserved 1179648K
  class space    used 11953K, committed 12224K, reserved 1048576K
}
Event: 12.558 GC heap after
{Heap after GC invocations=45 (full 0):
 garbage-first heap   total 195584K, used 97368K [0x0000000080000000, 0x0000000100000000)
  region size 1024K, 1 young (1024K), 1 survivors (1024K)
 Metaspace       used 89075K, committed 89728K, reserved 1179648K
  class space    used 11953K, committed 12224K, reserved 1048576K
}
Event: 12.708 GC heap before
{Heap before GC invocations=45 (full 0):
 garbage-first heap   total 195584K, used 107608K [0x0000000080000000, 0x0000000100000000)
  region size 1024K, 12 young (12288K), 1 survivors (1024K)
 Metaspace       used 90268K, committed 90880K, reserved 1179648K
  class space    used 12093K, committed 12352K, reserved 1048576K
}
Event: 12.711 GC heap after
{Heap after GC invocations=46 (full 0):
 garbage-first heap   total 195584K, used 97758K [0x0000000080000000, 0x0000000100000000)
  region size 1024K, 2 young (2048K), 2 survivors (2048K)
 Metaspace       used 90268K, committed 90880K, reserved 1179648K
  class space    used 12093K, committed 12352K, reserved 1048576K
}
Event: 13.270 GC heap before
{Heap before GC invocations=47 (full 0):
 garbage-first heap   total 195584K, used 159198K [0x0000000080000000, 0x0000000100000000)
  region size 1024K, 61 young (62464K), 2 survivors (2048K)
 Metaspace       used 92777K, committed 93376K, reserved 1179648K
  class space    used 12354K, committed 12608K, reserved 1048576K
}
Event: 13.273 GC heap after
{Heap after GC invocations=48 (full 0):
 garbage-first heap   total 195584K, used 101779K [0x0000000080000000, 0x0000000100000000)
  region size 1024K, 5 young (5120K), 5 survivors (5120K)
 Metaspace       used 92777K, committed 93376K, reserved 1179648K
  class space    used 12354K, committed 12608K, reserved 1048576K
}
Event: 13.289 GC heap before
{Heap before GC invocations=48 (full 0):
 garbage-first heap   total 195584K, used 105875K [0x0000000080000000, 0x0000000100000000)
  region size 1024K, 9 young (9216K), 5 survivors (5120K)
 Metaspace       used 92797K, committed 93376K, reserved 1179648K
  class space    used 12354K, committed 12608K, reserved 1048576K
}
Event: 13.293 GC heap after
{Heap after GC invocations=49 (full 0):
 garbage-first heap   total 195584K, used 102089K [0x0000000080000000, 0x0000000100000000)
  region size 1024K, 1 young (1024K), 1 survivors (1024K)
 Metaspace       used 92797K, committed 93376K, reserved 1179648K
  class space    used 12354K, committed 12608K, reserved 1048576K
}
Event: 14.327 GC heap before
{Heap before GC invocations=49 (full 0):
 garbage-first heap   total 195584K, used 160457K [0x0000000080000000, 0x0000000100000000)
  region size 1024K, 58 young (59392K), 1 survivors (1024K)
 Metaspace       used 98897K, committed 99456K, reserved 1179648K
  class space    used 12985K, committed 13248K, reserved 1048576K
}
Event: 14.330 GC heap after
{Heap after GC invocations=50 (full 0):
 garbage-first heap   total 195584K, used 105725K [0x0000000080000000, 0x0000000100000000)
  region size 1024K, 5 young (5120K), 5 survivors (5120K)
 Metaspace       used 98897K, committed 99456K, reserved 1179648K
  class space    used 12985K, committed 13248K, reserved 1048576K
}
Event: 15.300 GC heap before
{Heap before GC invocations=51 (full 0):
 garbage-first heap   total 195584K, used 161021K [0x0000000080000000, 0x0000000100000000)
  region size 1024K, 59 young (60416K), 5 survivors (5120K)
 Metaspace       used 106557K, committed 107200K, reserved 1179648K
  class space    used 13839K, committed 14144K, reserved 1048576K
}
Event: 15.303 GC heap after
{Heap after GC invocations=52 (full 0):
 garbage-first heap   total 195584K, used 107280K [0x0000000080000000, 0x0000000100000000)
  region size 1024K, 6 young (6144K), 6 survivors (6144K)
 Metaspace       used 106557K, committed 107200K, reserved 1179648K
  class space    used 13839K, committed 14144K, reserved 1048576K
}
Event: 15.350 GC heap before
{Heap before GC invocations=52 (full 0):
 garbage-first heap   total 195584K, used 109328K [0x0000000080000000, 0x0000000100000000)
  region size 1024K, 9 young (9216K), 6 survivors (6144K)
 Metaspace       used 107035K, committed 107584K, reserved 1179648K
  class space    used 13892K, committed 14144K, reserved 1048576K
}
Event: 15.354 GC heap after
{Heap after GC invocations=53 (full 0):
 garbage-first heap   total 195584K, used 107632K [0x0000000080000000, 0x0000000100000000)
  region size 1024K, 1 young (1024K), 1 survivors (1024K)
 Metaspace       used 107035K, committed 107584K, reserved 1179648K
  class space    used 13892K, committed 14144K, reserved 1048576K
}
Event: 16.290 GC heap before
{Heap before GC invocations=53 (full 0):
 garbage-first heap   total 195584K, used 163952K [0x0000000080000000, 0x0000000100000000)
  region size 1024K, 56 young (57344K), 1 survivors (1024K)
 Metaspace       used 114118K, committed 114752K, reserved 1179648K
  class space    used 14652K, committed 14912K, reserved 1048576K
}
Event: 16.293 GC heap after
{Heap after GC invocations=54 (full 0):
 garbage-first heap   total 195584K, used 109652K [0x0000000080000000, 0x0000000100000000)
  region size 1024K, 3 young (3072K), 3 survivors (3072K)
 Metaspace       used 114118K, committed 114752K, reserved 1179648K
  class space    used 14652K, committed 14912K, reserved 1048576K
}
Event: 16.516 GC heap before
{Heap before GC invocations=54 (full 0):
 garbage-first heap   total 195584K, used 164948K [0x0000000080000000, 0x0000000100000000)
  region size 1024K, 56 young (57344K), 3 survivors (3072K)
 Metaspace       used 114355K, committed 115008K, reserved 1179648K
  class space    used 14652K, committed 14912K, reserved 1048576K
}
Event: 16.521 GC heap after
{Heap after GC invocations=55 (full 0):
 garbage-first heap   total 195584K, used 115156K [0x0000000080000000, 0x0000000100000000)
  region size 1024K, 7 young (7168K), 7 survivors (7168K)
 Metaspace       used 114355K, committed 115008K, reserved 1179648K
  class space    used 14652K, committed 14912K, reserved 1048576K
}
Event: 17.429 GC heap before
{Heap before GC invocations=55 (full 0):
 garbage-first heap   total 195584K, used 163284K [0x0000000080000000, 0x0000000100000000)
  region size 1024K, 54 young (55296K), 7 survivors (7168K)
 Metaspace       used 119269K, committed 119936K, reserved 1179648K
  class space    used 15304K, committed 15616K, reserved 1048576K
}
Event: 17.438 GC heap after
{Heap after GC invocations=56 (full 0):
 garbage-first heap   total 334848K, used 119638K [0x0000000080000000, 0x0000000100000000)
  region size 1024K, 5 young (5120K), 5 survivors (5120K)
 Metaspace       used 119269K, committed 119936K, reserved 1179648K
  class space    used 15304K, committed 15616K, reserved 1048576K
}

